<beans xmlns="http://www.springframework.org/schema/beans"
	xmlns:xsi="http://www.w3.org/2001/XMLSchema-instance" xmlns:aop="http://www.springframework.org/schema/aop"
	xmlns:tx="http://www.springframework.org/schema/tx" xmlns:context="http://www.springframework.org/schema/context"
	xmlns:jee="http://www.springframework.org/schema/jee" xmlns:util="http://www.springframework.org/schema/util"
	xmlns:p="http://www.springframework.org/schema/p"
	xsi:schemaLocation="http://www.springframework.org/schema/beans http://www.springframework.org/schema/beans/spring-beans-3.2.xsd
           http://www.springframework.org/schema/aop http://www.springframework.org/schema/aop/spring-aop-3.2.xsd
           http://www.springframework.org/schema/tx http://www.springframework.org/schema/tx/spring-tx-3.2.xsd
           http://www.springframework.org/schema/context http://www.springframework.org/schema/context/spring-context-3.2.xsd
           http://www.springframework.org/schema/jee http://www.springframework.org/schema/jee/spring-jee-3.2.xsd
           http://www.springframework.org/schema/util http://www.springframework.org/schema/util/spring-util-3.2.xsd ">

	<bean id="phenixInitializerTestBusiness"
		class="com.test.initialisation.PhenixInitializerTest">
		<property name="dataSource" ref="dataSource" />
		<!-- <property name="dataSourceRef" ref="dataSourceRef" /> -->
		<property name="transactionManager" ref="transactionManager" />
		<property name="initScripts">
			<list>
				<value>classpath:SQL_INSERT_SIMPLE_SPRING.sql</value>
			</list>
		</property>
	</bean>

</beans>
